<?xml version="1.0" encoding="UTF-8"?>
<testsuite name="com.example.demo.DemoApplicationTests" tests="1" skipped="0" failures="0" errors="0" timestamp="2024-10-21T14:57:33" hostname="snx-lap-149" time="1.421">
  <properties/>
  <testcase name="contextLoads()" classname="com.example.demo.DemoApplicationTests" time="1.421"/>
  <system-out><![CDATA[19:57:30.483 [Test worker] INFO org.springframework.test.context.support.AnnotationConfigContextLoaderUtils -- Could not detect default configuration classes for test class [com.example.demo.DemoApplicationTests]: DemoApplicationTests does not declare any static, non-private, non-final, nested classes annotated with @Configuration.
19:57:30.626 [Test worker] INFO org.springframework.boot.test.context.SpringBootTestContextBootstrapper -- Found @SpringBootConfiguration com.example.demo.DemoApplication for test class com.example.demo.DemoApplicationTests

  .   ____          _            __ _ _
 /\\ / ___'_ __ _ _(_)_ __  __ _ \ \ \ \
( ( )\___ | '_ | '_| | '_ \/ _` | \ \ \ \
 \\/  ___)| |_)| | | | | || (_| |  ) ) ) )
  '  |____| .__|_| |_|_| |_\__, | / / / /
 =========|_|==============|___/=/_/_/_/

 :: Spring Boot ::                (v3.3.4)

2024-10-21T19:57:31.356+05:00  INFO 167801 --- [Pet-Clinic] [    Test worker] com.example.demo.DemoApplicationTests    : Starting DemoApplicationTests using Java 17.0.6 with PID 167801 (started by kamran in /home/kamran/workspace/Pet-Clinic)
2024-10-21T19:57:31.358+05:00  INFO 167801 --- [Pet-Clinic] [    Test worker] com.example.demo.DemoApplicationTests    : No active profile set, falling back to 1 default profile: "default"
2024-10-21T19:57:32.928+05:00  INFO 167801 --- [Pet-Clinic] [    Test worker] o.s.b.a.w.s.WelcomePageHandlerMapping    : Adding welcome page template: index
2024-10-21T19:57:33.406+05:00  INFO 167801 --- [Pet-Clinic] [    Test worker] com.example.demo.DemoApplicationTests    : Started DemoApplicationTests in 2.529 seconds (process running for 4.007)
]]></system-out>
  <system-err><![CDATA[]]></system-err>
</testsuite>
